Arguments: 
  /Users/christianbenincasa/.nvm/versions/node/v12.16.1/bin/node /usr/local/Cellar/yarn/1.22.4/libexec/bin/yarn.js add @aws-sdk/sqs-client

PATH: 
  /Users/christianbenincasa/Code/projects/teletracker/scraper/python/crawlers/venv/bin:/Users/christianbenincasa/opt/miniconda3/bin:/Users/christianbenincasa/.nvm/versions/node/v12.16.1/bin:/Users/christianbenincasa/.cargo/bin:/usr/local/bin:/usr/bin:/bin:/usr/sbin:/sbin:/Library/Apple/usr/bin:/Users/christianbenincasa/opt/miniconda3/bin:/Users/christianbenincasa/.nvm/versions/node/v12.16.1/bin:/Users/christianbenincasa/.cargo/bin

Yarn version: 
  1.22.4

Node version: 
  12.16.1

Platform: 
  darwin x64

Trace: 
  Error: https://registry.yarnpkg.com/@aws-sdk%2fsqs-client: Not found
      at Request.params.callback [as _callback] (/usr/local/Cellar/yarn/1.22.4/libexec/lib/cli.js:66987:18)
      at Request.self.callback (/usr/local/Cellar/yarn/1.22.4/libexec/lib/cli.js:140748:22)
      at Request.emit (events.js:311:20)
      at Request.<anonymous> (/usr/local/Cellar/yarn/1.22.4/libexec/lib/cli.js:141720:10)
      at Request.emit (events.js:311:20)
      at IncomingMessage.<anonymous> (/usr/local/Cellar/yarn/1.22.4/libexec/lib/cli.js:141642:12)
      at Object.onceWrapper (events.js:417:28)
      at IncomingMessage.emit (events.js:323:22)
      at endReadableNT (_stream_readable.js:1204:12)
      at processTicksAndRejections (internal/process/task_queues.js:84:21)

npm manifest: 
  {
    "name": "teletracker-crawl-trigger",
    "version": "0.0.1",
    "description": "Responds to crawl events that are persisted to DyanmoDB",
    "license": "MIT",
    "dependencies": {
      "@aws-sdk/client-dynamodb-streams-node": "^0.1.0-preview.2"
    },
    "devDependencies": {
      "@types/node": "^14.0.23",
      "prettier": "2.0.2",
      "ts-node": "^8.6.2",
      "typescript": "^3.8.3",
      "yargs": "^14.2.0"
    },
    "scripts": {
      "build": "tsc",
      "main": "ts-node src/runner.ts"
    }
  }

yarn manifest: 
  No manifest

Lockfile: 
  # THIS IS AN AUTOGENERATED FILE. DO NOT EDIT THIS FILE DIRECTLY.
  # yarn lockfile v1
  
  
  "@aws-sdk/abort-controller@^0.1.0-preview.7":
    version "0.1.0-preview.7"
    resolved "https://registry.yarnpkg.com/@aws-sdk/abort-controller/-/abort-controller-0.1.0-preview.7.tgz#3129f4b98e6e3c435ef15f8293330a2db135e2f4"
    integrity sha512-UpAa0PQ4u1UdDYPU9ajO/vzfmSn3rTMjXQjlsd0Ue4oK/A2lffNN28+egMVuS+Ivs96pv1HAfA4t4tPw+U6wjA==
    dependencies:
      "@aws-sdk/types" "^0.1.0-preview.7"
      tslib "^1.8.0"
  
  "@aws-sdk/client-dynamodb-streams-node@^0.1.0-preview.2":
    version "0.1.0-preview.2"
    resolved "https://registry.yarnpkg.com/@aws-sdk/client-dynamodb-streams-node/-/client-dynamodb-streams-node-0.1.0-preview.2.tgz#e1ddcf1cf1030df919578ac9bbbed003902b0b98"
    integrity sha512-UwmQfe5ntIIx9f+ostJzqEo5Sg1XnZreqUsQOoHAB+2vmDkqBnofNuCMihzc2tHeQsCYjHO+i3NIC//Fu2RlgA==
    dependencies:
      "@aws-sdk/config-resolver" "^0.1.0-preview.5"
      "@aws-sdk/core-handler" "^0.1.0-preview.5"
      "@aws-sdk/credential-provider-node" "^0.1.0-preview.6"
      "@aws-sdk/hash-node" "^0.1.0-preview.5"
      "@aws-sdk/json-builder" "^0.1.0-preview.5"
      "@aws-sdk/json-error-unmarshaller" "^0.1.0-preview.6"
      "@aws-sdk/json-parser" "^0.1.0-preview.5"
      "@aws-sdk/middleware-content-length" "^0.1.0-preview.5"
      "@aws-sdk/middleware-header-default" "^0.1.0-preview.5"
      "@aws-sdk/middleware-serializer" "^0.1.0-preview.5"
      "@aws-sdk/middleware-stack" "^0.1.0-preview.6"
      "@aws-sdk/node-http-handler" "^0.1.0-preview.6"
      "@aws-sdk/protocol-json-rpc" "^0.1.0-preview.6"
      "@aws-sdk/region-provider" "^0.1.0-preview.5"
      "@aws-sdk/retry-middleware" "^0.1.0-preview.5"
      "@aws-sdk/signature-v4" "^0.1.0-preview.6"
      "@aws-sdk/signing-middleware" "^0.1.0-preview.6"
      "@aws-sdk/stream-collector-node" "^0.1.0-preview.5"
      "@aws-sdk/types" "^0.1.0-preview.5"
      "@aws-sdk/url-parser-node" "^0.1.0-preview.5"
      "@aws-sdk/util-base64-node" "^0.1.0-preview.3"
      "@aws-sdk/util-body-length-node" "^0.1.0-preview.4"
      "@aws-sdk/util-user-agent-node" "^0.1.0-preview.6"
      "@aws-sdk/util-utf8-node" "^0.1.0-preview.3"
      tslib "^1.8.0"
  
  "@aws-sdk/config-resolver@^0.1.0-preview.5":
    version "0.1.0-preview.7"
    resolved "https://registry.yarnpkg.com/@aws-sdk/config-resolver/-/config-resolver-0.1.0-preview.7.tgz#adb8077b3656cf7a890c6302c28f468665b76455"
    integrity sha512-clP/NFkGyIJzCPPZ9y9vc4rQD2O8euuEVtYDlHNPfe+791uo43I1/qhw20v31mPY1OH0dScf5Jn/n4Ed9YO1VA==
    dependencies:
      "@aws-sdk/types" "^0.1.0-preview.7"
      tslib "^1.8.0"
  
  "@aws-sdk/core-handler@^0.1.0-preview.5":
    version "0.1.0-preview.7"
    resolved "https://registry.yarnpkg.com/@aws-sdk/core-handler/-/core-handler-0.1.0-preview.7.tgz#2deb6e8a64a4138ebfe8c4337bd84f48a3fdbb0d"
    integrity sha512-F+BAYmcPGbbK2w6Y9i4RgK9f8ojUuQKoZuFCxiYoujLGoak/p81gACTz3dQyV9/NiY46EvmdpyaGQeLtpfuriQ==
    dependencies:
      "@aws-sdk/types" "^0.1.0-preview.7"
      tslib "^1.8.0"
  
  "@aws-sdk/credential-provider-env@^0.1.0-preview.8":
    version "0.1.0-preview.8"
    resolved "https://registry.yarnpkg.com/@aws-sdk/credential-provider-env/-/credential-provider-env-0.1.0-preview.8.tgz#ea8d22964e6041e0bfffb4085a366c6ed5d76a28"
    integrity sha512-wW2XRalzx8jAIsVSdOM4cDP3hgbvPy6UJhQwpn9N3kfb22G5FPEry6hlJKHAVzQ15tkTNd0C6SyRlXgC5zEzmA==
    dependencies:
      "@aws-sdk/property-provider" "^0.1.0-preview.7"
      "@aws-sdk/protocol-timestamp" "^0.1.0-preview.7"
      "@aws-sdk/types" "^0.1.0-preview.7"
      tslib "^1.8.0"
  
  "@aws-sdk/credential-provider-imds@^0.1.0-preview.8":
    version "0.1.0-preview.8"
    resolved "https://registry.yarnpkg.com/@aws-sdk/credential-provider-imds/-/credential-provider-imds-0.1.0-preview.8.tgz#aa00e2fb2c92e4376f7727e3372a5f759ebc6225"
    integrity sha512-l6qudUcrpfG8wGOCyOea1oZ42AF+m0h27m/BDvWA8KIclW6XjfJ0TAcQWNVYbDX91sBx3YWidqlNBuzs/bZfKw==
    dependencies:
      "@aws-sdk/property-provider" "^0.1.0-preview.7"
      "@aws-sdk/types" "^0.1.0-preview.7"
      tslib "^1.8.0"
  
  "@aws-sdk/credential-provider-ini@^0.1.0-preview.7":
    version "0.1.0-preview.7"
    resolved "https://registry.yarnpkg.com/@aws-sdk/credential-provider-ini/-/credential-provider-ini-0.1.0-preview.7.tgz#17691ba3ea7fcfe7923e2d109ba23485f3eab53a"
    integrity sha512-iIVGZonHwy08RJgW9AZURKAbRTcBtwZw9wWSkO1YgtFVKYHH81E+C/k3o9ljCD9TK+XfvB2dv5alPkS71EufIQ==
    dependencies:
      "@aws-sdk/property-provider" "^0.1.0-preview.7"
      "@aws-sdk/shared-ini-file-loader" "^0.1.0-preview.3"
      "@aws-sdk/types" "^0.1.0-preview.7"
      tslib "^1.8.0"
  
  "@aws-sdk/credential-provider-node@^0.1.0-preview.6":
    version "0.1.0-preview.10"
    resolved "https://registry.yarnpkg.com/@aws-sdk/credential-provider-node/-/credential-provider-node-0.1.0-preview.10.tgz#29af30112b6ff06d8c66a9e4dffd1381747e07d3"
    integrity sha512-UWw89x1kCTiawc2MWYjavChk1bwy4dlp8WZyYeM/a4MqYacXPbcIOXEDVVL72PpCOqtxk0/RXnkLO2b7sUI0vg==
    dependencies:
      "@aws-sdk/credential-provider-env" "^0.1.0-preview.8"
      "@aws-sdk/credential-provider-imds" "^0.1.0-preview.8"
      "@aws-sdk/credential-provider-ini" "^0.1.0-preview.7"
      "@aws-sdk/credential-provider-process" "^0.1.0-preview.5"
      "@aws-sdk/property-provider" "^0.1.0-preview.7"
      "@aws-sdk/types" "^0.1.0-preview.7"
      tslib "^1.8.0"
  
  "@aws-sdk/credential-provider-process@^0.1.0-preview.5":
    version "0.1.0-preview.5"
    resolved "https://registry.yarnpkg.com/@aws-sdk/credential-provider-process/-/credential-provider-process-0.1.0-preview.5.tgz#647c0afa0fc5e364ad956362b615ff40ba59e282"
    integrity sha512-OIBmuaul/aF3w3oCc1zIw+jE5tlhacrhCD/LXf0DornF8Bfp4oaYA5qJ4Lttu/Q25s2qW5+YEuFlDsnqpIQUyw==
    dependencies:
      "@aws-sdk/credential-provider-ini" "^0.1.0-preview.7"
      "@aws-sdk/property-provider" "^0.1.0-preview.7"
      "@aws-sdk/shared-ini-file-loader" "^0.1.0-preview.3"
      "@aws-sdk/types" "^0.1.0-preview.7"
      tslib "^1.8.0"
  
  "@aws-sdk/hash-node@^0.1.0-preview.5":
    version "0.1.0-preview.8"
    resolved "https://registry.yarnpkg.com/@aws-sdk/hash-node/-/hash-node-0.1.0-preview.8.tgz#7f6de5e60d1cf220aa548e2276fc24770efa5c03"
    integrity sha512-tYBKE5ggAfw7oCLj3/jVJomruUMXhFOL+yH7xnKbgEjCi2m/jsSClCwjUbco2d5eFeC75t74RsFuyCREm9o+nw==
    dependencies:
      "@aws-sdk/types" "^0.1.0-preview.7"
      "@aws-sdk/util-buffer-from" "^0.1.0-preview.3"
      tslib "^1.8.0"
  
  "@aws-sdk/is-array-buffer@^0.1.0-preview.3":
    version "0.1.0-preview.3"
    resolved "https://registry.yarnpkg.com/@aws-sdk/is-array-buffer/-/is-array-buffer-0.1.0-preview.3.tgz#3d4e0297f437dfaa00b25a000d526c02ccd2af6d"
    integrity sha512-8SM7kBGkwH6JCKA6K1w4Jrj+EABFOPQkbPvwaf6BILYiUMUbgJvjOPjNQE2MrvRxJz50WAcZDHnlwhstuwIRnw==
    dependencies:
      tslib "^1.8.0"
  
  "@aws-sdk/is-iterable@^0.1.0-preview.3":
    version "0.1.0-preview.3"
    resolved "https://registry.yarnpkg.com/@aws-sdk/is-iterable/-/is-iterable-0.1.0-preview.3.tgz#292e9a44e3c2872f681a46daa715e3b5403dc86b"
    integrity sha512-dmqXKd7BlAGAaOz1dvmBw5MeOy/94LOxIRv4i8I76JPyTJsxFKjzJIHeRMnQ/5WJ3/POhmb6ZjBW/GwS/upaFw==
    dependencies:
      tslib "^1.8.0"
  
  "@aws-sdk/json-builder@^0.1.0-preview.5":
    version "0.1.0-preview.7"
    resolved "https://registry.yarnpkg.com/@aws-sdk/json-builder/-/json-builder-0.1.0-preview.7.tgz#1b0511671b1adc302c913bbde4199552bdab679b"
    integrity sha512-gGrViVpR688e/3zQEXi7xb7/q4Nrz5w9DclJi6f32OHBphDkpv1SpHvf2WgA0949daU4QVKkyh0F6K2NygZtgg==
    dependencies:
      "@aws-sdk/is-array-buffer" "^0.1.0-preview.3"
      "@aws-sdk/is-iterable" "^0.1.0-preview.3"
      "@aws-sdk/protocol-timestamp" "^0.1.0-preview.7"
      "@aws-sdk/types" "^0.1.0-preview.7"
      tslib "^1.8.0"
  
  "@aws-sdk/json-error-unmarshaller@^0.1.0-preview.6":
    version "0.1.0-preview.8"
    resolved "https://registry.yarnpkg.com/@aws-sdk/json-error-unmarshaller/-/json-error-unmarshaller-0.1.0-preview.8.tgz#850c5d80a6f9ce3dbd37a6200eee567958e4c91d"
    integrity sha512-yCua3FUxKIahjDugSdQMj8g+DNT+R5gViL2CYZ05kXaUla+Qml8UDV5bPr/z21FM91Oe2d532eORXixWnWCVOQ==
    dependencies:
      "@aws-sdk/response-metadata-extractor" "^0.1.0-preview.8"
      "@aws-sdk/types" "^0.1.0-preview.7"
      "@aws-sdk/util-error-constructor" "^0.1.0-preview.7"
  
  "@aws-sdk/json-parser@^0.1.0-preview.5":
    version "0.1.0-preview.7"
    resolved "https://registry.yarnpkg.com/@aws-sdk/json-parser/-/json-parser-0.1.0-preview.7.tgz#d95bc98df7238fb9f1d0bacda1a7d8585b253559"
    integrity sha512-EOcBUct4jkkUky+h3nw+jRo/eSREUFgqr0k9Cqcqsf6rSHN7+TCXT9tyo8CLpvDUPsbJj+Wmoylce04wU5HQkQ==
    dependencies:
      "@aws-sdk/protocol-timestamp" "^0.1.0-preview.7"
      "@aws-sdk/types" "^0.1.0-preview.7"
      tslib "^1.8.0"
  
  "@aws-sdk/middleware-content-length@^0.1.0-preview.5":
    version "0.1.0-preview.7"
    resolved "https://registry.yarnpkg.com/@aws-sdk/middleware-content-length/-/middleware-content-length-0.1.0-preview.7.tgz#3e873c6886c737e02282f3507daa3348d85a368c"
    integrity sha512-6ZI+dY8VgWmKL48tBtFGFgllwdhKgqNztscLtYPmHl38zrz4sITJnyGwbYDGLW+xLIGDOQhyFd/6kWTqT9QyKQ==
    dependencies:
      "@aws-sdk/types" "^0.1.0-preview.7"
      tslib "^1.8.0"
  
  "@aws-sdk/middleware-header-default@^0.1.0-preview.5":
    version "0.1.0-preview.7"
    resolved "https://registry.yarnpkg.com/@aws-sdk/middleware-header-default/-/middleware-header-default-0.1.0-preview.7.tgz#3083c6ed8dfa3c9d556941011b388789b84eb2cc"
    integrity sha512-hf7+YMiPnyzRKzmcZZ5v2NKkC6CKgo8nnckJ1A1OlvWYGq3hLMF1gKDMzdkEFjWJmDWv6AVNyHjw5qe4AV8LVA==
    dependencies:
      "@aws-sdk/types" "^0.1.0-preview.7"
      tslib "^1.8.0"
  
  "@aws-sdk/middleware-serializer@^0.1.0-preview.5":
    version "0.1.0-preview.7"
    resolved "https://registry.yarnpkg.com/@aws-sdk/middleware-serializer/-/middleware-serializer-0.1.0-preview.7.tgz#7d4ed3d16b47f12f7ed0762ff9594c0f2da9c96c"
    integrity sha512-mc5xBnrdDM9k3a78cbTSw+VWTadpDQQBObSuAy4fCxrkPZa+APqRY+y9MMDQ0uWI80e6Ab1pt9wTx1/OM1uMWQ==
    dependencies:
      "@aws-sdk/types" "^0.1.0-preview.7"
      tslib "^1.8.0"
  
  "@aws-sdk/middleware-stack@^0.1.0-preview.6":
    version "0.1.0-preview.9"
    resolved "https://registry.yarnpkg.com/@aws-sdk/middleware-stack/-/middleware-stack-0.1.0-preview.9.tgz#e38a1ef131fee03382941bbcc2d70c4b5f77948f"
    integrity sha512-UZPTIUL8df6bxhoRFmbE278mR5VkBgUakZ+g0+W7QP7yk7yOcA/PSNAoUQMXmyncTfrv9PS2RqByIqBGJ9nHRw==
    dependencies:
      "@aws-sdk/types" "^0.1.0-preview.7"
      tslib "^1.8.0"
  
  "@aws-sdk/node-http-handler@^0.1.0-preview.6":
    version "0.1.0-preview.8"
    resolved "https://registry.yarnpkg.com/@aws-sdk/node-http-handler/-/node-http-handler-0.1.0-preview.8.tgz#d301ca5bd7996ab5cb0d29f595aa37e6815e4b25"
    integrity sha512-D3hISgch64L2rG8RQDi361ywoSgsyH/5Yj4ZF05ZCo8UZ8TjU1CtiLPKy1is0XLqojhLlDAQ65lNna44xoArcw==
    dependencies:
      "@aws-sdk/abort-controller" "^0.1.0-preview.7"
      "@aws-sdk/querystring-builder" "^0.1.0-preview.7"
      "@aws-sdk/types" "^0.1.0-preview.7"
      tslib "^1.8.0"
  
  "@aws-sdk/property-provider@^0.1.0-preview.7":
    version "0.1.0-preview.7"
    resolved "https://registry.yarnpkg.com/@aws-sdk/property-provider/-/property-provider-0.1.0-preview.7.tgz#21ddb9b5f66403310f52ac7f286a9e6bc178f8c7"
    integrity sha512-8yKkR78XC3fvdd+ePohfLuZHKBL7e3k+t82JL775phiXO94WHiz/hlvm6tGhNz5zKzz72yLrJPCyoQAZLrxrTg==
    dependencies:
      "@aws-sdk/types" "^0.1.0-preview.7"
      tslib "^1.8.0"
  
  "@aws-sdk/protocol-json-rpc@^0.1.0-preview.6":
    version "0.1.0-preview.8"
    resolved "https://registry.yarnpkg.com/@aws-sdk/protocol-json-rpc/-/protocol-json-rpc-0.1.0-preview.8.tgz#b8d52d4bc930bc946a2e0c44414fd55c1d98bd6d"
    integrity sha512-HF7g/xE/mGLzaYqO5tDFqxFvHS4vbuLAmRsWnUKsNBzg+G9+r6XK+4+PrUKwEJT69lNXezUetjwuemqnycsStA==
    dependencies:
      "@aws-sdk/is-array-buffer" "^0.1.0-preview.3"
      "@aws-sdk/response-metadata-extractor" "^0.1.0-preview.8"
      "@aws-sdk/types" "^0.1.0-preview.7"
      "@aws-sdk/util-error-constructor" "^0.1.0-preview.7"
      tslib "^1.8.0"
  
  "@aws-sdk/protocol-timestamp@^0.1.0-preview.7":
    version "0.1.0-preview.7"
    resolved "https://registry.yarnpkg.com/@aws-sdk/protocol-timestamp/-/protocol-timestamp-0.1.0-preview.7.tgz#294753a16e79d167df7f12a64aa7d34efcd73e86"
    integrity sha512-ObO202v456/S6Ckhlu844KBXN9toFTPt8zzrJpESzntVXIaidDECetd120/xToycYmICinvAYH9o1E2l6VlCRQ==
    dependencies:
      "@aws-sdk/types" "^0.1.0-preview.7"
      tslib "^1.8.0"
  
  "@aws-sdk/querystring-builder@^0.1.0-preview.7":
    version "0.1.0-preview.7"
    resolved "https://registry.yarnpkg.com/@aws-sdk/querystring-builder/-/querystring-builder-0.1.0-preview.7.tgz#b5c0bd96415803483a724975d5a1aeb28c6aa422"
    integrity sha512-U2d9CYTwnF4/Qc8XXFmCdRzcApTmwEXLyHUcjK2/GaOHKkHDAeIC94+cuP+H3nDjCjb3TdKV2xrl/wzuP0YBrg==
    dependencies:
      "@aws-sdk/types" "^0.1.0-preview.7"
      "@aws-sdk/util-uri-escape" "^0.1.0-preview.3"
      tslib "^1.8.0"
  
  "@aws-sdk/querystring-parser@^0.1.0-preview.7":
    version "0.1.0-preview.7"
    resolved "https://registry.yarnpkg.com/@aws-sdk/querystring-parser/-/querystring-parser-0.1.0-preview.7.tgz#4c485abcf241b6dd180f285da670a884ca4841dc"
    integrity sha512-r72E/wZYrhTXTK950Ld/L2Loso/HDqExQkIuCn1Pu8Rx0+uC3Y8fQTx+JZd5M5kOniCpGKdHWGc7y/bH/tjH4A==
    dependencies:
      "@aws-sdk/types" "^0.1.0-preview.7"
      tslib "^1.8.0"
  
  "@aws-sdk/region-provider@^0.1.0-preview.5":
    version "0.1.0-preview.7"
    resolved "https://registry.yarnpkg.com/@aws-sdk/region-provider/-/region-provider-0.1.0-preview.7.tgz#dcb5cd10c712ae54fac605c5b4f08a30131ea21c"
    integrity sha512-n+LeuQYPYbCyfCboz9mmYqcPPKdmdd60KPbPeRqSdJYr9QZz9hWU962oCOl5EtLYIsUzy7Fm33APv6toEcAPVw==
    dependencies:
      "@aws-sdk/property-provider" "^0.1.0-preview.7"
      "@aws-sdk/shared-ini-file-loader" "^0.1.0-preview.3"
      "@aws-sdk/types" "^0.1.0-preview.7"
      tslib "^1.8.0"
  
  "@aws-sdk/response-metadata-extractor@^0.1.0-preview.8":
    version "0.1.0-preview.8"
    resolved "https://registry.yarnpkg.com/@aws-sdk/response-metadata-extractor/-/response-metadata-extractor-0.1.0-preview.8.tgz#081e8737cdf77e18f7837b6c5a1df00563172001"
    integrity sha512-c5aJGYDiEwWqYpsROCqrmR60d0yeVdvRtzMptcpCI95BvIizS3hTc+PfuOq3Gcz7L+EQysbzQyqZutCJ/zLbew==
    dependencies:
      "@aws-sdk/types" "^0.1.0-preview.7"
      tslib "^1.8.0"
  
  "@aws-sdk/retry-middleware@^0.1.0-preview.5":
    version "0.1.0-preview.7"
    resolved "https://registry.yarnpkg.com/@aws-sdk/retry-middleware/-/retry-middleware-0.1.0-preview.7.tgz#4923089c9a2c5306c91489fd7d041f70f4b597e2"
    integrity sha512-ULiq+dffOPurjyHm95PYWi1Cy27LQg9jPwLz5tiL7oIla/j9b5bcclZE3n0RtqbHDUvWJL5kxmYw0Kjrggr5iw==
    dependencies:
      "@aws-sdk/service-error-classification" "^0.1.0-preview.3"
      "@aws-sdk/types" "^0.1.0-preview.7"
      tslib "^1.8.0"
  
  "@aws-sdk/service-error-classification@^0.1.0-preview.3":
    version "0.1.0-preview.3"
    resolved "https://registry.yarnpkg.com/@aws-sdk/service-error-classification/-/service-error-classification-0.1.0-preview.3.tgz#6e3720f361f637d0dbcff09f487997fa2ce3018d"
    integrity sha512-3TXwADJL+HGOWyqdwx+pOdwr8L8LGbdxwHR0D05PP3skY+TP34F3ye2DJlyCll4S9vYzf9GlSbwJWviN9Sujrw==
  
  "@aws-sdk/shared-ini-file-loader@^0.1.0-preview.3":
    version "0.1.0-preview.3"
    resolved "https://registry.yarnpkg.com/@aws-sdk/shared-ini-file-loader/-/shared-ini-file-loader-0.1.0-preview.3.tgz#215c5ed06564eb5ba96fa615f1ccb66667725147"
    integrity sha512-1wuV2YpZm+sW4AZa7CBD3A3b7+vSHX0DWBgGaENYdqC+MUEl6lD57ZOUGLryPq5xv/tQfy8BC7QT+qDNHElcuw==
    dependencies:
      tslib "^1.8.0"
  
  "@aws-sdk/signature-v4@^0.1.0-preview.10", "@aws-sdk/signature-v4@^0.1.0-preview.6":
    version "0.1.0-preview.10"
    resolved "https://registry.yarnpkg.com/@aws-sdk/signature-v4/-/signature-v4-0.1.0-preview.10.tgz#d0a7275c28e1473550a0159d221eb697bdb8a98f"
    integrity sha512-cehCmWlWc16d1mn1tdG1cLdLUiKWHSVSAIiDRCyUS/ryZNduFHivYMyARvuQKEBXILlQari0e6RRuzTFXaAjlA==
    dependencies:
      "@aws-sdk/is-array-buffer" "^0.1.0-preview.3"
      "@aws-sdk/protocol-timestamp" "^0.1.0-preview.7"
      "@aws-sdk/types" "^0.1.0-preview.7"
      "@aws-sdk/util-hex-encoding" "^0.1.0-preview.3"
      tslib "^1.8.0"
  
  "@aws-sdk/signing-middleware@^0.1.0-preview.6":
    version "0.1.0-preview.10"
    resolved "https://registry.yarnpkg.com/@aws-sdk/signing-middleware/-/signing-middleware-0.1.0-preview.10.tgz#906ff790653c6a07563d9aed5e4805ce276668c0"
    integrity sha512-aKyPNr41JuOhl3QGqGp+XSerwPRbkG/TzBHiNsRX/0EeB1ZyxZ2cckhssswL3k4lvEBPQS0SqnGi2FHXozyOvw==
    dependencies:
      "@aws-sdk/signature-v4" "^0.1.0-preview.10"
      "@aws-sdk/types" "^0.1.0-preview.7"
      tslib "^1.8.0"
  
  "@aws-sdk/stream-collector-node@^0.1.0-preview.5":
    version "0.1.0-preview.9"
    resolved "https://registry.yarnpkg.com/@aws-sdk/stream-collector-node/-/stream-collector-node-0.1.0-preview.9.tgz#ebb412dc7ebbb069ceb972627c8a9895ace14103"
    integrity sha512-aXVMbx9lMd+AsmTpn4egsIJ/ZAkd6cWkhv8y3sL/Fwlyl0U7tfV4EzTEDZFvAta+MG+wB8fPhz9d7bfyQOk/xQ==
    dependencies:
      "@aws-sdk/types" "^0.1.0-preview.7"
      tslib "^1.8.0"
  
  "@aws-sdk/types@^0.1.0-preview.5", "@aws-sdk/types@^0.1.0-preview.7":
    version "0.1.0-preview.7"
    resolved "https://registry.yarnpkg.com/@aws-sdk/types/-/types-0.1.0-preview.7.tgz#2c3e8b911c9236e8f48d8ffb3c9df449a067df58"
    integrity sha512-gpyU8N9XEs8diE4uW9B6/hjKDrB/c4a1GF4ICwkaGYpXrbJy9QLrEU8Hk4rC6P1l++YYyJKMl7RjMmTyBtNOzw==
  
  "@aws-sdk/url-parser-node@^0.1.0-preview.5":
    version "0.1.0-preview.8"
    resolved "https://registry.yarnpkg.com/@aws-sdk/url-parser-node/-/url-parser-node-0.1.0-preview.8.tgz#d8863b852777b86d21d5693d11cf211d1a69443f"
    integrity sha512-h8YwL+mLTBPNzryREkLChhtRSdz70tOR9y/UB6PATGKoJbMUFoTsDY1jbJ4WWBfdKjphZy9xVWTyxoCkP07tQQ==
    dependencies:
      "@aws-sdk/querystring-parser" "^0.1.0-preview.7"
      "@aws-sdk/types" "^0.1.0-preview.7"
      tslib "^1.8.0"
  
  "@aws-sdk/util-base64-node@^0.1.0-preview.3":
    version "0.1.0-preview.4"
    resolved "https://registry.yarnpkg.com/@aws-sdk/util-base64-node/-/util-base64-node-0.1.0-preview.4.tgz#17271a49874b96e1e7b842cb0c564a3a7260137f"
    integrity sha512-L9O3lMWB7y2xVIgg/nSJ7xZLVFmxMCk1maaup3CoL5USLqB7n7ngpf/WAH2LyhaGo8Og8TrAKt4BizpxbZU7wg==
    dependencies:
      "@aws-sdk/util-buffer-from" "^0.1.0-preview.3"
      tslib "^1.8.0"
  
  "@aws-sdk/util-body-length-node@^0.1.0-preview.4":
    version "0.1.0-preview.5"
    resolved "https://registry.yarnpkg.com/@aws-sdk/util-body-length-node/-/util-body-length-node-0.1.0-preview.5.tgz#330628a9b6e56a7766f00c7ae5074e5090efdec5"
    integrity sha512-ZmqB7E/RizTe8ajxLyXdshoyzQg47CAkbnCK7yRE4A9N7XMEUgzyFVXuKT08DmbAwYSYWI5jaUwm3jpMKqG+bw==
    dependencies:
      tslib "^1.8.0"
  
  "@aws-sdk/util-buffer-from@^0.1.0-preview.3":
    version "0.1.0-preview.3"
    resolved "https://registry.yarnpkg.com/@aws-sdk/util-buffer-from/-/util-buffer-from-0.1.0-preview.3.tgz#a95aa03f6d82dccd853b110f15c5479c83204c58"
    integrity sha512-n78cUmI1SbluJgTgyqp24GgNQ3A5NUGB4rwRAoID7k7JpsiNJUWTXkijl3hxfNov2sEjMWvdQIGvAF6F/Q2mfw==
    dependencies:
      "@aws-sdk/is-array-buffer" "^0.1.0-preview.3"
      tslib "^1.8.0"
  
  "@aws-sdk/util-error-constructor@^0.1.0-preview.7":
    version "0.1.0-preview.7"
    resolved "https://registry.yarnpkg.com/@aws-sdk/util-error-constructor/-/util-error-constructor-0.1.0-preview.7.tgz#37543155014274b1c33db85ce50c17e7f297ce2c"
    integrity sha512-sb8gruiOadl0YXG2yn0EMBkB/Oy/7y4mt8Wfl7G3crvWXcHtD7flbW7wjbFiMcQU91vi5sTaZ56hwvDA9lu0ug==
    dependencies:
      "@aws-sdk/types" "^0.1.0-preview.7"
      tslib "^1.8.0"
  
  "@aws-sdk/util-hex-encoding@^0.1.0-preview.3":
    version "0.1.0-preview.3"
    resolved "https://registry.yarnpkg.com/@aws-sdk/util-hex-encoding/-/util-hex-encoding-0.1.0-preview.3.tgz#4847f0733dfe2e35aefde8423fefefad4073d355"
    integrity sha512-X/Qq5e2H4/EQ0WEwWUiSxGbFARk7IKZpa+E4pzQm49sxS2omVsvuphcr4yYJq4SZKEtuB2w2nHMr7NmGlWt4Xg==
    dependencies:
      tslib "^1.8.0"
  
  "@aws-sdk/util-uri-escape@^0.1.0-preview.3":
    version "0.1.0-preview.3"
    resolved "https://registry.yarnpkg.com/@aws-sdk/util-uri-escape/-/util-uri-escape-0.1.0-preview.3.tgz#bede79215aa2a78554b4223f43f7820535236583"
    integrity sha512-axArIOq8+2PKjY9Fz+LKfCY127rjWQD50F1DAhCC0BV3mrG0OlhcQ8uKaNfMXVrveTqT+QYvrpTsrziHYjjTQw==
    dependencies:
      tslib "^1.8.0"
  
  "@aws-sdk/util-user-agent-node@^0.1.0-preview.6":
    version "0.1.0-preview.10"
    resolved "https://registry.yarnpkg.com/@aws-sdk/util-user-agent-node/-/util-user-agent-node-0.1.0-preview.10.tgz#d9f2c731883fa7d7a0fe806bab0e8e70506985c5"
    integrity sha512-hYL9XCLkxDEG60XbwXG2fvIYwi9vFHw9Em6OPMz3sh3Y4er7KJxOwuCYJV+kccREY35e1TGblbOARFczwD7U0w==
    dependencies:
      "@aws-sdk/types" "^0.1.0-preview.7"
      tslib "^1.8.0"
  
  "@aws-sdk/util-utf8-node@^0.1.0-preview.3":
    version "0.1.0-preview.4"
    resolved "https://registry.yarnpkg.com/@aws-sdk/util-utf8-node/-/util-utf8-node-0.1.0-preview.4.tgz#8dc8e0ce43f6dc04bbcab00c87f29f9f89ebb7ad"
    integrity sha512-FxIWpC4LdKiJgJgiaLWMdZY/DbreSIRgVGO9cOlV5fI59KdN+2Aqb6sLnlp7yVbo2hiL0Hlcv7fcf4MEtELn0g==
    dependencies:
      "@aws-sdk/util-buffer-from" "^0.1.0-preview.3"
      tslib "^1.8.0"
  
  "@types/node@^14.0.23":
    version "14.0.23"
    resolved "https://registry.yarnpkg.com/@types/node/-/node-14.0.23.tgz#676fa0883450ed9da0bb24156213636290892806"
    integrity sha512-Z4U8yDAl5TFkmYsZdFPdjeMa57NOvnaf1tljHzhouaPEp7LCj2JKkejpI1ODviIAQuW4CcQmxkQ77rnLsOOoKw==
  
  ansi-regex@^4.1.0:
    version "4.1.0"
    resolved "https://registry.yarnpkg.com/ansi-regex/-/ansi-regex-4.1.0.tgz#8b9f8f08cf1acb843756a839ca8c7e3168c51997"
    integrity sha512-1apePfXM1UOSqw0o9IiFAovVz9M5S1Dg+4TrDwfMewQ6p/rmMueb7tWZjQ1rx4Loy1ArBggoqGpfqqdI4rondg==
  
  ansi-styles@^3.2.0:
    version "3.2.1"
    resolved "https://registry.yarnpkg.com/ansi-styles/-/ansi-styles-3.2.1.tgz#41fbb20243e50b12be0f04b8dedbf07520ce841d"
    integrity sha512-VT0ZI6kZRdTh8YyJw3SMbYm/u+NqfsAxEpWO0Pf9sq8/e94WxxOpPKx9FR1FlyCtOVDNOQ+8ntlqFxiRc+r5qA==
    dependencies:
      color-convert "^1.9.0"
  
  arg@^4.1.0:
    version "4.1.3"
    resolved "https://registry.yarnpkg.com/arg/-/arg-4.1.3.tgz#269fc7ad5b8e42cb63c896d5666017261c144089"
    integrity sha512-58S9QDqG0Xx27YwPSt9fJxivjYl432YCwfDMfZ+71RAqUrZef7LrKQZ3LHLOwCS4FLNBplP533Zx895SeOCHvA==
  
  buffer-from@^1.0.0:
    version "1.1.1"
    resolved "https://registry.yarnpkg.com/buffer-from/-/buffer-from-1.1.1.tgz#32713bc028f75c02fdb710d7c7bcec1f2c6070ef"
    integrity sha512-MQcXEUbCKtEo7bhqEs6560Hyd4XaovZlO/k9V3hjVUF/zwW7KBVdSK4gIt/bzwS9MbR5qob+F5jusZsb0YQK2A==
  
  camelcase@^5.0.0:
    version "5.3.1"
    resolved "https://registry.yarnpkg.com/camelcase/-/camelcase-5.3.1.tgz#e3c9b31569e106811df242f715725a1f4c494320"
    integrity sha512-L28STB170nwWS63UjtlEOE3dldQApaJXZkOI1uMFfzf3rRuPegHaHesyee+YxQ+W6SvRDQV6UrdOdRiR153wJg==
  
  cliui@^5.0.0:
    version "5.0.0"
    resolved "https://registry.yarnpkg.com/cliui/-/cliui-5.0.0.tgz#deefcfdb2e800784aa34f46fa08e06851c7bbbc5"
    integrity sha512-PYeGSEmmHM6zvoef2w8TPzlrnNpXIjTipYK780YswmIP9vjxmd6Y2a3CB2Ks6/AU8NHjZugXvo8w3oWM2qnwXA==
    dependencies:
      string-width "^3.1.0"
      strip-ansi "^5.2.0"
      wrap-ansi "^5.1.0"
  
  color-convert@^1.9.0:
    version "1.9.3"
    resolved "https://registry.yarnpkg.com/color-convert/-/color-convert-1.9.3.tgz#bb71850690e1f136567de629d2d5471deda4c1e8"
    integrity sha512-QfAUtd+vFdAtFQcC8CCyYt1fYWxSqAiK2cSD6zDB8N3cpsEBAvRxp9zOGg6G/SHHJYAT88/az/IuDGALsNVbGg==
    dependencies:
      color-name "1.1.3"
  
  color-name@1.1.3:
    version "1.1.3"
    resolved "https://registry.yarnpkg.com/color-name/-/color-name-1.1.3.tgz#a7d0558bd89c42f795dd42328f740831ca53bc25"
    integrity sha1-p9BVi9icQveV3UIyj3QIMcpTvCU=
  
  decamelize@^1.2.0:
    version "1.2.0"
    resolved "https://registry.yarnpkg.com/decamelize/-/decamelize-1.2.0.tgz#f6534d15148269b20352e7bee26f501f9a191290"
    integrity sha1-9lNNFRSCabIDUue+4m9QH5oZEpA=
  
  diff@^4.0.1:
    version "4.0.2"
    resolved "https://registry.yarnpkg.com/diff/-/diff-4.0.2.tgz#60f3aecb89d5fae520c11aa19efc2bb982aade7d"
    integrity sha512-58lmxKSA4BNyLz+HHMUzlOEpg09FV+ev6ZMe3vJihgdxzgcwZ8VoEEPmALCZG9LmqfVoNMMKpttIYTVG6uDY7A==
  
  emoji-regex@^7.0.1:
    version "7.0.3"
    resolved "https://registry.yarnpkg.com/emoji-regex/-/emoji-regex-7.0.3.tgz#933a04052860c85e83c122479c4748a8e4c72156"
    integrity sha512-CwBLREIQ7LvYFB0WyRvwhq5N5qPhc6PMjD6bYggFlI5YyDgl+0vxq5VHbMOFqLg7hfWzmu8T5Z1QofhmTIhItA==
  
  find-up@^3.0.0:
    version "3.0.0"
    resolved "https://registry.yarnpkg.com/find-up/-/find-up-3.0.0.tgz#49169f1d7993430646da61ecc5ae355c21c97b73"
    integrity sha512-1yD6RmLI1XBfxugvORwlck6f75tYL+iR0jqwsOrOxMZyGYqUuDhJ0l4AXdO1iX/FTs9cBAMEk1gWSEx1kSbylg==
    dependencies:
      locate-path "^3.0.0"
  
  get-caller-file@^2.0.1:
    version "2.0.5"
    resolved "https://registry.yarnpkg.com/get-caller-file/-/get-caller-file-2.0.5.tgz#4f94412a82db32f36e3b0b9741f8a97feb031f7e"
    integrity sha512-DyFP3BM/3YHTQOCUL/w0OZHR0lpKeGrxotcHWcqNEdnltqFwXVfhEBQ94eIo34AfQpo0rGki4cyIiftY06h2Fg==
  
  is-fullwidth-code-point@^2.0.0:
    version "2.0.0"
    resolved "https://registry.yarnpkg.com/is-fullwidth-code-point/-/is-fullwidth-code-point-2.0.0.tgz#a3b30a5c4f199183167aaab93beefae3ddfb654f"
    integrity sha1-o7MKXE8ZkYMWeqq5O+764937ZU8=
  
  locate-path@^3.0.0:
    version "3.0.0"
    resolved "https://registry.yarnpkg.com/locate-path/-/locate-path-3.0.0.tgz#dbec3b3ab759758071b58fe59fc41871af21400e"
    integrity sha512-7AO748wWnIhNqAuaty2ZWHkQHRSNfPVIsPIfwEOWO22AmaoVrWavlOcMR5nzTLNYvp36X220/maaRsrec1G65A==
    dependencies:
      p-locate "^3.0.0"
      path-exists "^3.0.0"
  
  make-error@^1.1.1:
    version "1.3.6"
    resolved "https://registry.yarnpkg.com/make-error/-/make-error-1.3.6.tgz#2eb2e37ea9b67c4891f684a1394799af484cf7a2"
    integrity sha512-s8UhlNe7vPKomQhC1qFelMokr/Sc3AgNbso3n74mVPA5LTZwkB9NlXf4XPamLxJE8h0gh73rM94xvwRT2CVInw==
  
  p-limit@^2.0.0:
    version "2.3.0"
    resolved "https://registry.yarnpkg.com/p-limit/-/p-limit-2.3.0.tgz#3dd33c647a214fdfffd835933eb086da0dc21db1"
    integrity sha512-//88mFWSJx8lxCzwdAABTJL2MyWB12+eIY7MDL2SqLmAkeKU9qxRvWuSyTjm3FUmpBEMuFfckAIqEaVGUDxb6w==
    dependencies:
      p-try "^2.0.0"
  
  p-locate@^3.0.0:
    version "3.0.0"
    resolved "https://registry.yarnpkg.com/p-locate/-/p-locate-3.0.0.tgz#322d69a05c0264b25997d9f40cd8a891ab0064a4"
    integrity sha512-x+12w/To+4GFfgJhBEpiDcLozRJGegY+Ei7/z0tSLkMmxGZNybVMSfWj9aJn8Z5Fc7dBUNJOOVgPv2H7IwulSQ==
    dependencies:
      p-limit "^2.0.0"
  
  p-try@^2.0.0:
    version "2.2.0"
    resolved "https://registry.yarnpkg.com/p-try/-/p-try-2.2.0.tgz#cb2868540e313d61de58fafbe35ce9004d5540e6"
    integrity sha512-R4nPAVTAU0B9D35/Gk3uJf/7XYbQcyohSKdvAxIRSNghFl4e71hVoGnBNQz9cWaXxO2I10KTC+3jMdvvoKw6dQ==
  
  path-exists@^3.0.0:
    version "3.0.0"
    resolved "https://registry.yarnpkg.com/path-exists/-/path-exists-3.0.0.tgz#ce0ebeaa5f78cb18925ea7d810d7b59b010fd515"
    integrity sha1-zg6+ql94yxiSXqfYENe1mwEP1RU=
  
  prettier@2.0.2:
    version "2.0.2"
    resolved "https://registry.yarnpkg.com/prettier/-/prettier-2.0.2.tgz#1ba8f3eb92231e769b7fcd7cb73ae1b6b74ade08"
    integrity sha512-5xJQIPT8BraI7ZnaDwSbu5zLrB6vvi8hVV58yHQ+QK64qrY40dULy0HSRlQ2/2IdzeBpjhDkqdcFBnFeDEMVdg==
  
  require-directory@^2.1.1:
    version "2.1.1"
    resolved "https://registry.yarnpkg.com/require-directory/-/require-directory-2.1.1.tgz#8c64ad5fd30dab1c976e2344ffe7f792a6a6df42"
    integrity sha1-jGStX9MNqxyXbiNE/+f3kqam30I=
  
  require-main-filename@^2.0.0:
    version "2.0.0"
    resolved "https://registry.yarnpkg.com/require-main-filename/-/require-main-filename-2.0.0.tgz#d0b329ecc7cc0f61649f62215be69af54aa8989b"
    integrity sha512-NKN5kMDylKuldxYLSUfrbo5Tuzh4hd+2E8NPPX02mZtn1VuREQToYe/ZdlJy+J3uCpfaiGF05e7B8W0iXbQHmg==
  
  set-blocking@^2.0.0:
    version "2.0.0"
    resolved "https://registry.yarnpkg.com/set-blocking/-/set-blocking-2.0.0.tgz#045f9782d011ae9a6803ddd382b24392b3d890f7"
    integrity sha1-BF+XgtARrppoA93TgrJDkrPYkPc=
  
  source-map-support@^0.5.17:
    version "0.5.19"
    resolved "https://registry.yarnpkg.com/source-map-support/-/source-map-support-0.5.19.tgz#a98b62f86dcaf4f67399648c085291ab9e8fed61"
    integrity sha512-Wonm7zOCIJzBGQdB+thsPar0kYuCIzYvxZwlBa87yi/Mdjv7Tip2cyVbLj5o0cFPN4EVkuTwb3GDDyUx2DGnGw==
    dependencies:
      buffer-from "^1.0.0"
      source-map "^0.6.0"
  
  source-map@^0.6.0:
    version "0.6.1"
    resolved "https://registry.yarnpkg.com/source-map/-/source-map-0.6.1.tgz#74722af32e9614e9c287a8d0bbde48b5e2f1a263"
    integrity sha512-UjgapumWlbMhkBgzT7Ykc5YXUT46F0iKu8SGXq0bcwP5dz/h0Plj6enJqjz1Zbq2l5WaqYnrVbwWOWMyF3F47g==
  
  string-width@^3.0.0, string-width@^3.1.0:
    version "3.1.0"
    resolved "https://registry.yarnpkg.com/string-width/-/string-width-3.1.0.tgz#22767be21b62af1081574306f69ac51b62203961"
    integrity sha512-vafcv6KjVZKSgz06oM/H6GDBrAtz8vdhQakGjFIvNrHA6y3HCF1CInLy+QLq8dTJPQ1b+KDUqDFctkdRW44e1w==
    dependencies:
      emoji-regex "^7.0.1"
      is-fullwidth-code-point "^2.0.0"
      strip-ansi "^5.1.0"
  
  strip-ansi@^5.0.0, strip-ansi@^5.1.0, strip-ansi@^5.2.0:
    version "5.2.0"
    resolved "https://registry.yarnpkg.com/strip-ansi/-/strip-ansi-5.2.0.tgz#8c9a536feb6afc962bdfa5b104a5091c1ad9c0ae"
    integrity sha512-DuRs1gKbBqsMKIZlrffwlug8MHkcnpjs5VPmL1PAh+mA30U0DTotfDZ0d2UUsXpPmPmMMJ6W773MaA3J+lbiWA==
    dependencies:
      ansi-regex "^4.1.0"
  
  ts-node@^8.6.2:
    version "8.10.2"
    resolved "https://registry.yarnpkg.com/ts-node/-/ts-node-8.10.2.tgz#eee03764633b1234ddd37f8db9ec10b75ec7fb8d"
    integrity sha512-ISJJGgkIpDdBhWVu3jufsWpK3Rzo7bdiIXJjQc0ynKxVOVcg2oIrf2H2cejminGrptVc6q6/uynAHNCuWGbpVA==
    dependencies:
      arg "^4.1.0"
      diff "^4.0.1"
      make-error "^1.1.1"
      source-map-support "^0.5.17"
      yn "3.1.1"
  
  tslib@^1.8.0:
    version "1.13.0"
    resolved "https://registry.yarnpkg.com/tslib/-/tslib-1.13.0.tgz#c881e13cc7015894ed914862d276436fa9a47043"
    integrity sha512-i/6DQjL8Xf3be4K/E6Wgpekn5Qasl1usyw++dAA35Ue5orEn65VIxOA+YvNNl9HV3qv70T7CNwjODHZrLwvd1Q==
  
  typescript@^3.8.3:
    version "3.9.7"
    resolved "https://registry.yarnpkg.com/typescript/-/typescript-3.9.7.tgz#98d600a5ebdc38f40cb277522f12dc800e9e25fa"
    integrity sha512-BLbiRkiBzAwsjut4x/dsibSTB6yWpwT5qWmC2OfuCg3GgVQCSgMs4vEctYPhsaGtd0AeuuHMkjZ2h2WG8MSzRw==
  
  which-module@^2.0.0:
    version "2.0.0"
    resolved "https://registry.yarnpkg.com/which-module/-/which-module-2.0.0.tgz#d9ef07dce77b9902b8a3a8fa4b31c3e3f7e6e87a"
    integrity sha1-2e8H3Od7mQK4o6j6SzHD4/fm6Ho=
  
  wrap-ansi@^5.1.0:
    version "5.1.0"
    resolved "https://registry.yarnpkg.com/wrap-ansi/-/wrap-ansi-5.1.0.tgz#1fd1f67235d5b6d0fee781056001bfb694c03b09"
    integrity sha512-QC1/iN/2/RPVJ5jYK8BGttj5z83LmSKmvbvrXPNCLZSEb32KKVDJDl/MOt2N01qU2H/FkzEa9PKto1BqDjtd7Q==
    dependencies:
      ansi-styles "^3.2.0"
      string-width "^3.0.0"
      strip-ansi "^5.0.0"
  
  y18n@^4.0.0:
    version "4.0.0"
    resolved "https://registry.yarnpkg.com/y18n/-/y18n-4.0.0.tgz#95ef94f85ecc81d007c264e190a120f0a3c8566b"
    integrity sha512-r9S/ZyXu/Xu9q1tYlpsLIsa3EeLXXk0VwlxqTcFRfg9EhMW+17kbt9G0NrgCmhGb5vT2hyhJZLfDGx+7+5Uj/w==
  
  yargs-parser@^15.0.1:
    version "15.0.1"
    resolved "https://registry.yarnpkg.com/yargs-parser/-/yargs-parser-15.0.1.tgz#54786af40b820dcb2fb8025b11b4d659d76323b3"
    integrity sha512-0OAMV2mAZQrs3FkNpDQcBk1x5HXb8X4twADss4S0Iuk+2dGnLOE/fRHrsYm542GduMveyA77OF4wrNJuanRCWw==
    dependencies:
      camelcase "^5.0.0"
      decamelize "^1.2.0"
  
  yargs@^14.2.0:
    version "14.2.3"
    resolved "https://registry.yarnpkg.com/yargs/-/yargs-14.2.3.tgz#1a1c3edced1afb2a2fea33604bc6d1d8d688a414"
    integrity sha512-ZbotRWhF+lkjijC/VhmOT9wSgyBQ7+zr13+YLkhfsSiTriYsMzkTUFP18pFhWwBeMa5gUc1MzbhrO6/VB7c9Xg==
    dependencies:
      cliui "^5.0.0"
      decamelize "^1.2.0"
      find-up "^3.0.0"
      get-caller-file "^2.0.1"
      require-directory "^2.1.1"
      require-main-filename "^2.0.0"
      set-blocking "^2.0.0"
      string-width "^3.0.0"
      which-module "^2.0.0"
      y18n "^4.0.0"
      yargs-parser "^15.0.1"
  
  yn@3.1.1:
    version "3.1.1"
    resolved "https://registry.yarnpkg.com/yn/-/yn-3.1.1.tgz#1e87401a09d767c1d5eab26a6e4c185182d2eb50"
    integrity sha512-Ux4ygGWsu2c7isFWe8Yu1YluJmqVhxqK2cLXNQA5AcC3QfbGNpM7fu0Y8b/z16pXLnFxZYvWhd3fhBY9DLmC6Q==
